0 info it worked if it ends with ok
1 verbose cli [ 'node',
1 verbose cli   '/usr/local/bin/npm',
1 verbose cli   'install',
1 verbose cli   'shadowsocks',
1 verbose cli   '--global' ]
2 info using npm@1.3.8
3 info using node@v0.10.18
4 verbose cache add [ 'shadowsocks', null ]
5 verbose cache add name=undefined spec="shadowsocks" args=["shadowsocks",null]
6 verbose parsed url { protocol: null,
6 verbose parsed url   slashes: null,
6 verbose parsed url   auth: null,
6 verbose parsed url   host: null,
6 verbose parsed url   port: null,
6 verbose parsed url   hostname: null,
6 verbose parsed url   hash: null,
6 verbose parsed url   search: null,
6 verbose parsed url   query: null,
6 verbose parsed url   pathname: 'shadowsocks',
6 verbose parsed url   path: 'shadowsocks',
6 verbose parsed url   href: 'shadowsocks' }
7 silly lockFile 5718559c-shadowsocks shadowsocks
8 verbose lock shadowsocks /Users/Xavier/.npm/5718559c-shadowsocks.lock
9 silly lockFile 5718559c-shadowsocks shadowsocks
10 silly lockFile 5718559c-shadowsocks shadowsocks
11 verbose addNamed [ 'shadowsocks', '' ]
12 verbose addNamed [ null, '*' ]
13 silly lockFile 75b29ce8-shadowsocks shadowsocks@
14 verbose lock shadowsocks@ /Users/Xavier/.npm/75b29ce8-shadowsocks.lock
15 silly addNameRange { name: 'shadowsocks', range: '*', hasData: false }
16 verbose url raw shadowsocks
17 verbose url resolving [ 'http://npm.tuna.tsinghua.edu.cn/registry/', './shadowsocks' ]
18 verbose url resolved http://npm.tuna.tsinghua.edu.cn/registry/shadowsocks
19 info trying registry request attempt 1 at 21:29:23
20 verbose etag "2ZLXLWICKXQZM24SVU8EF8ECX"
21 http GET http://npm.tuna.tsinghua.edu.cn/registry/shadowsocks
22 http 304 http://npm.tuna.tsinghua.edu.cn/registry/shadowsocks
23 silly registry.get cb [ 304,
23 silly registry.get   { server: 'nginx/1.2.1',
23 silly registry.get     date: 'Fri, 29 Nov 2013 13:29:32 GMT',
23 silly registry.get     'content-length': '0',
23 silly registry.get     connection: 'keep-alive',
23 silly registry.get     etag: '"2ZLXLWICKXQZM24SVU8EF8ECX"' } ]
24 verbose etag shadowsocks from cache
25 silly addNameRange number 2 { name: 'shadowsocks', range: '*', hasData: true }
26 silly addNameRange versions [ 'shadowsocks',
26 silly addNameRange   [ '1.3.0',
26 silly addNameRange     '1.3.1',
26 silly addNameRange     '1.3.2',
26 silly addNameRange     '1.3.3',
26 silly addNameRange     '1.3.4',
26 silly addNameRange     '1.3.5',
26 silly addNameRange     '1.3.6',
26 silly addNameRange     '1.3.7',
26 silly addNameRange     '1.3.8',
26 silly addNameRange     '1.4.0',
26 silly addNameRange     '1.4.1',
26 silly addNameRange     '1.4.2' ] ]
27 verbose addNamed [ 'shadowsocks', '1.4.2' ]
28 verbose addNamed [ '1.4.2', '1.4.2' ]
29 silly lockFile 3293f694-shadowsocks-1-4-2 shadowsocks@1.4.2
30 verbose lock shadowsocks@1.4.2 /Users/Xavier/.npm/3293f694-shadowsocks-1-4-2.lock
31 silly lockFile 3293f694-shadowsocks-1-4-2 shadowsocks@1.4.2
32 silly lockFile 3293f694-shadowsocks-1-4-2 shadowsocks@1.4.2
33 silly lockFile 75b29ce8-shadowsocks shadowsocks@
34 silly lockFile 75b29ce8-shadowsocks shadowsocks@
35 silly resolved [ { name: 'shadowsocks',
35 silly resolved     description: 'a tunnel proxy that help you get through firewalls',
35 silly resolved     keywords: [ 'shadowsocks', 'proxy', 'socks5' ],
35 silly resolved     author: { name: 'clowwindy' },
35 silly resolved     version: '1.4.2',
35 silly resolved     licenses: [ [Object] ],
35 silly resolved     engines: { node: '>=0.8.0' },
35 silly resolved     directories: { lib: './lib/shadowsocks' },
35 silly resolved     main: './lib/shadowsocks/local',
35 silly resolved     bin: { sslocal: './bin/sslocal', ssserver: './bin/ssserver' },
35 silly resolved     scripts: { test: 'cake test' },
35 silly resolved     homepage: 'https://github.com/clowwindy/shadowsocks-nodejs',
35 silly resolved     bugs: { url: 'https://github.com/clowwindy/shadowsocks-nodejs/issues' },
35 silly resolved     repository:
35 silly resolved      { type: 'git',
35 silly resolved        url: 'https://github.com/clowwindy/shadowsocks-nodejs.git' },
35 silly resolved     devDependencies: { 'coffee-script': '>=1.6.2' },
35 silly resolved     readme: 'shadowsocks-nodejs\n===========\n\nCurrent version: 1.4.2\n[![Build Status](https://travis-ci.org/clowwindy/shadowsocks-nodejs.png)](https://travis-ci.org/clowwindy/shadowsocks-nodejs)\n\nshadowsocks-nodejs is a lightweight tunnel proxy which can help you get through\n firewalls. It is a port of [shadowsocks](https://github.com/clowwindy/shadowsocks).\n\nBoth TCP CONNECT and UDP ASSOCIATE are implemented.\n\nOther ports and clients can be found [here](https://github.com/clowwindy/shadowsocks/wiki/Ports-and-Clients).\n\nUsage\n-----------\n\nDownload the lastest Node stable release. You can find them [here](http://nodejs.org/). Don\'t just use master branch of\nNode source code from Github! It\'s not stable.\n\nRun\n    \n    npm install -g shadowsocks\n\nCreate a file named `config.json`, with the following content.\n\n    {\n        "server":"my_server_ip",\n        "server_port":8388,\n        "local_port":1080,\n        "password":"barfoo!",\n        "timeout":600,\n        "method":"table"\n    }\n\nExplaination of the fields:\n\n    server          your server IP (IPv4/IPv6), notice that your server will listen to this IP\n    server_port     server port\n    local_port      local port\n    password        a password used to encrypt transfer\n    timeout         in seconds\n    method          encryption method, "bf-cfb", "aes-256-cfb", "des-cfb", "rc4", etc. Default is table\n\n`cd` into the directory of `config.json`. Run `ssserver` on your server. To run it in the background, run\n`nohup ssserver > log &`.\n\nOn your client machine, run `sslocal`.\n\nChange the proxy setting in your browser into\n\n    protocol: socks5\n    hostname: 127.0.0.1\n    port:     your local_port\n\nAdvanced\n------------\n\nYou can use args to override settings from `config.json`.\n\n    sslocal -s server_name -p server_port -l local_port -k password -m bf-cfb\n    ssserver -p server_port -k password -m bf-cfb\n    ssserver -c /etc/shadowsocks/config.json\n\nExample of multi-user server support can be found in `test/config-multi-passwd.json`.\n\nDeveloping\n-----------------------------\n\nYou can build coffee source code and test it:\n\n    npm install -g coffee-script\n    cake build test\n\nLicense\n-----------------\nMIT\n\nBugs and Issues\n----------------\nPlease visit [issue tracker](https://github.com/clowwindy/shadowsocks-nodejs/issues?state=open)\n\nMailing list: http://groups.google.com/group/shadowsocks\n\nAlso see [troubleshooting](https://github.com/clowwindy/shadowsocks/wiki/Troubleshooting)\n',
35 silly resolved     readmeFilename: 'README.md',
35 silly resolved     _id: 'shadowsocks@1.4.2',
35 silly resolved     _from: 'shadowsocks@' } ]
36 info install shadowsocks@1.4.2 into /usr/local/lib
37 info installOne shadowsocks@1.4.2
38 info /usr/local/lib/node_modules/shadowsocks unbuild
39 verbose tar unpack /Users/Xavier/.npm/shadowsocks/1.4.2/package.tgz
40 silly lockFile 28172036-cal-lib-node-modules-shadowsocks tar:///usr/local/lib/node_modules/shadowsocks
41 verbose lock tar:///usr/local/lib/node_modules/shadowsocks /Users/Xavier/.npm/28172036-cal-lib-node-modules-shadowsocks.lock
42 silly lockFile a3b24855-pm-shadowsocks-1-4-2-package-tgz tar:///Users/Xavier/.npm/shadowsocks/1.4.2/package.tgz
43 verbose lock tar:///Users/Xavier/.npm/shadowsocks/1.4.2/package.tgz /Users/Xavier/.npm/a3b24855-pm-shadowsocks-1-4-2-package-tgz.lock
44 silly gunzTarPerm modes [ '755', '644' ]
45 error Error: EACCES, mkdir '/usr/local/lib/node_modules/shadowsocks'
45 error  { [Error: EACCES, mkdir '/usr/local/lib/node_modules/shadowsocks']
45 error   errno: 3,
45 error   code: 'EACCES',
45 error   path: '/usr/local/lib/node_modules/shadowsocks',
45 error   fstream_type: 'Directory',
45 error   fstream_path: '/usr/local/lib/node_modules/shadowsocks',
45 error   fstream_class: 'DirWriter',
45 error   fstream_stack:
45 error    [ '/usr/local/lib/node_modules/npm/node_modules/fstream/lib/dir-writer.js:36:23',
45 error      '/usr/local/lib/node_modules/npm/node_modules/mkdirp/index.js:37:53',
45 error      'Object.oncomplete (fs.js:107:15)' ] }
46 error Please try running this command again as root/Administrator.
47 error System Darwin 12.4.0
48 error command "node" "/usr/local/bin/npm" "install" "shadowsocks" "--global"
49 error cwd /Users/Xavier/xavieryao.github.io
50 error node -v v0.10.18
51 error npm -v 1.3.8
52 error path /usr/local/lib/node_modules/shadowsocks
53 error fstream_path /usr/local/lib/node_modules/shadowsocks
54 error fstream_type Directory
55 error fstream_class DirWriter
56 error code EACCES
57 error errno 3
58 error stack Error: EACCES, mkdir '/usr/local/lib/node_modules/shadowsocks'
59 error fstream_stack /usr/local/lib/node_modules/npm/node_modules/fstream/lib/dir-writer.js:36:23
59 error fstream_stack /usr/local/lib/node_modules/npm/node_modules/mkdirp/index.js:37:53
59 error fstream_stack Object.oncomplete (fs.js:107:15)
60 verbose exit [ 3, true ]
